<?xml version="1.0" encoding="utf-8"?>
<TestRun id="91fb3331-bdbf-4c55-85d5-4d252929b1d5" name="daniloveltri@TI-1354 2021-04-26 21:59:46" runUser="CLSOFTWARE\daniloveltri" xmlns="http://microsoft.com/schemas/VisualStudio/TeamTest/2010">
  <Times creation="2021-04-26T21:59:46.0215976-03:00" queuing="2021-04-26T21:59:46.0215988-03:00" start="2021-04-26T21:59:40.0475803-03:00" finish="2021-04-26T22:00:44.5545444-03:00" />
  <TestSettings name="default" id="49712322-823a-46b1-86c1-ca9eefee5d36">
    <Deployment runDeploymentRoot="daniloveltri_TI-1354_2021-04-26_21_59_46" />
  </TestSettings>
  <Results>
    <UnitTestResult executionId="55b0e82e-0d18-4769-9505-b7a060166846" testId="35d35759-0605-9f39-47eb-9c0852db69d4" testName="RealizarBuscaValidaPorUser" computerName="TI-1354" duration="00:00:04.0865870" startTime="2021-04-26T22:00:35.0000000-03:00" endTime="2021-04-26T22:00:39.0000000-03:00" testType="13cdc9d9-ddb5-4fa4-a97d-d965ccfc6d4b" outcome="Failed" testListId="8c84fa94-04c1-424b-9868-57a2d4851a1d" relativeResultsDirectory="55b0e82e-0d18-4769-9505-b7a060166846">
      <Output>
        <StdOut>Nenhuma conexão pôde ser feita porque a máquina de destino as recusou ativamente. Nenhuma conexão pôde ser feita porque a máquina de destino as recusou ativamente.&#xD;
Given que navego para a página de busca do banco de questões&#xD;
-&gt; skipped because of previous errors&#xD;
And digito no campo de busca e tipo de busca&#xD;
  --- table step argument ---&#xD;
  | busca | tipobusca |&#xD;
  | Karen | User      |&#xD;
-&gt; skipped because of previous errors&#xD;
When clico no botão de buscar&#xD;
-&gt; skipped because of previous errors&#xD;
Then busca exibida com sucesso&#xD;
-&gt; skipped because of previous errors</StdOut>
        <ErrorInfo>
          <Message>OpenQA.Selenium.WebDriverException : Cannot start the driver service on http://localhost:61652/</Message>
          <StackTrace>   at OpenQA.Selenium.DriverService.Start()&#xD;
   at OpenQA.Selenium.Remote.DriverServiceCommandExecutor.Execute(Command commandToExecute)&#xD;
   at OpenQA.Selenium.Remote.RemoteWebDriver.Execute(String driverCommandToExecute, Dictionary`2 parameters)&#xD;
   at OpenQA.Selenium.Remote.RemoteWebDriver.StartSession(ICapabilities desiredCapabilities)&#xD;
   at OpenQA.Selenium.Remote.RemoteWebDriver..ctor(ICommandExecutor commandExecutor, ICapabilities desiredCapabilities)&#xD;
   at OpenQA.Selenium.Chrome.ChromeDriver..ctor(ChromeDriverService service, ChromeOptions options, TimeSpan commandTimeout)&#xD;
   at OpenQA.Selenium.Chrome.ChromeDriver..ctor(String chromeDriverDirectory, ChromeOptions options, TimeSpan commandTimeout)&#xD;
   at OpenQA.Selenium.Chrome.ChromeDriver..ctor(String chromeDriverDirectory, ChromeOptions options)&#xD;
   at OpenQA.Selenium.Chrome.ChromeDriver..ctor(String chromeDriverDirectory)&#xD;
   at Infrastructure.DriverManagement.InitDriver() in C:\Trivia\Trivia\Trivia\DriverManagement.cs:line 16&#xD;
   at Trivia.Tests.BuscanoBancodeQuestoesSteps.TriviaPage() in C:\Trivia\Trivia\Trivia.Tests\BuscanoBancodeQuestoesSteps.cs:line 22&#xD;
   at TechTalk.SpecFlow.Infrastructure.TestExecutionEngine.FireEvents(HookType hookType)&#xD;
   at TechTalk.SpecFlow.Infrastructure.TestExecutionEngine.FireScenarioEvents(HookType bindingEvent)&#xD;
   at TechTalk.SpecFlow.Infrastructure.TestExecutionEngine.OnScenarioStart()&#xD;
   at TechTalk.SpecFlow.Infrastructure.TestExecutionEngine.OnAfterLastStep()&#xD;
   at TechTalk.SpecFlow.TestRunner.CollectScenarioErrors()&#xD;
   at Trivia.Tests.BuscanoBancodeQuestoesFeature.ScenarioCleanup()&#xD;
   at Trivia.Tests.BuscanoBancodeQuestoesFeature.RealizarBuscaValidaPorUser() in C:\Trivia\Trivia\Trivia.Tests\BuscanoBancodeQuestoes.feature:line 69</StackTrace>
        </ErrorInfo>
      </Output>
    </UnitTestResult>
    <UnitTestResult executionId="7b4966f2-214e-4d5c-a14e-eaf1d6601bf7" testId="f46d4173-d075-9e48-209e-e39b35e7d887" testName="RealizarBuscaInvalidaPorQuestao" computerName="TI-1354" duration="00:00:16.3856200" startTime="2021-04-26T21:59:50.0000000-03:00" endTime="2021-04-26T22:00:06.0000000-03:00" testType="13cdc9d9-ddb5-4fa4-a97d-d965ccfc6d4b" outcome="Failed" testListId="8c84fa94-04c1-424b-9868-57a2d4851a1d" relativeResultsDirectory="7b4966f2-214e-4d5c-a14e-eaf1d6601bf7">
      <Output>
        <StdOut>Nenhuma conexão pôde ser feita porque a máquina de destino as recusou ativamente. Nenhuma conexão pôde ser feita porque a máquina de destino as recusou ativamente.&#xD;
Nenhuma conexão pôde ser feita porque a máquina de destino as recusou ativamente. Nenhuma conexão pôde ser feita porque a máquina de destino as recusou ativamente.&#xD;
Nenhuma conexão pôde ser feita porque a máquina de destino as recusou ativamente. Nenhuma conexão pôde ser feita porque a máquina de destino as recusou ativamente.&#xD;
Nenhuma conexão pôde ser feita porque a máquina de destino as recusou ativamente. Nenhuma conexão pôde ser feita porque a máquina de destino as recusou ativamente.&#xD;
Given que navego para a página de busca do banco de questões&#xD;
-&gt; skipped because of previous errors&#xD;
And digito no campo de busca&#xD;
  --- table step argument ---&#xD;
  | busca                             |&#xD;
  | What language does Node.js use??? |&#xD;
-&gt; skipped because of previous errors&#xD;
When clico no botão de buscar&#xD;
-&gt; skipped because of previous errors&#xD;
Then busca não exibida question&#xD;
-&gt; skipped because of previous errors</StdOut>
        <ErrorInfo>
          <Message>OpenQA.Selenium.WebDriverException : Cannot start the driver service on http://localhost:61586/</Message>
          <StackTrace>   at OpenQA.Selenium.DriverService.Start()&#xD;
   at OpenQA.Selenium.Remote.DriverServiceCommandExecutor.Execute(Command commandToExecute)&#xD;
   at OpenQA.Selenium.Remote.RemoteWebDriver.Execute(String driverCommandToExecute, Dictionary`2 parameters)&#xD;
   at OpenQA.Selenium.Remote.RemoteWebDriver.StartSession(ICapabilities desiredCapabilities)&#xD;
   at OpenQA.Selenium.Remote.RemoteWebDriver..ctor(ICommandExecutor commandExecutor, ICapabilities desiredCapabilities)&#xD;
   at OpenQA.Selenium.Chrome.ChromeDriver..ctor(ChromeDriverService service, ChromeOptions options, TimeSpan commandTimeout)&#xD;
   at OpenQA.Selenium.Chrome.ChromeDriver..ctor(String chromeDriverDirectory, ChromeOptions options, TimeSpan commandTimeout)&#xD;
   at OpenQA.Selenium.Chrome.ChromeDriver..ctor(String chromeDriverDirectory, ChromeOptions options)&#xD;
   at OpenQA.Selenium.Chrome.ChromeDriver..ctor(String chromeDriverDirectory)&#xD;
   at Infrastructure.DriverManagement.InitDriver() in C:\Trivia\Trivia\Trivia\DriverManagement.cs:line 16&#xD;
   at Trivia.Tests.BuscanoBancodeQuestoesSteps.TriviaPage() in C:\Trivia\Trivia\Trivia.Tests\BuscanoBancodeQuestoesSteps.cs:line 22&#xD;
   at TechTalk.SpecFlow.Infrastructure.TestExecutionEngine.FireEvents(HookType hookType)&#xD;
   at TechTalk.SpecFlow.Infrastructure.TestExecutionEngine.FireScenarioEvents(HookType bindingEvent)&#xD;
   at TechTalk.SpecFlow.Infrastructure.TestExecutionEngine.OnScenarioStart()&#xD;
   at TechTalk.SpecFlow.Infrastructure.TestExecutionEngine.OnAfterLastStep()&#xD;
   at TechTalk.SpecFlow.TestRunner.CollectScenarioErrors()&#xD;
   at Trivia.Tests.BuscanoBancodeQuestoesFeature.ScenarioCleanup()&#xD;
   at Trivia.Tests.BuscanoBancodeQuestoesFeature.RealizarBuscaInvalidaPorQuestao() in C:\Trivia\Trivia\Trivia.Tests\BuscanoBancodeQuestoes.feature:line 39</StackTrace>
        </ErrorInfo>
      </Output>
    </UnitTestResult>
    <UnitTestResult executionId="0c11d75b-4328-4272-9a25-d8a665d3a080" testId="181b86bf-e851-9432-ddeb-ad6b3fd6f360" testName="RealizarBuscaValidaPorCategoria" computerName="TI-1354" duration="00:00:04.1236850" startTime="2021-04-26T22:00:26.0000000-03:00" endTime="2021-04-26T22:00:31.0000000-03:00" testType="13cdc9d9-ddb5-4fa4-a97d-d965ccfc6d4b" outcome="Failed" testListId="8c84fa94-04c1-424b-9868-57a2d4851a1d" relativeResultsDirectory="0c11d75b-4328-4272-9a25-d8a665d3a080">
      <Output>
        <StdOut>Nenhuma conexão pôde ser feita porque a máquina de destino as recusou ativamente. Nenhuma conexão pôde ser feita porque a máquina de destino as recusou ativamente.&#xD;
Given que navego para a página de busca do banco de questões&#xD;
-&gt; skipped because of previous errors&#xD;
And digito no campo de busca e tipo de busca&#xD;
  --- table step argument ---&#xD;
  | busca              | tipobusca |&#xD;
  | Science: Computers | Category  |&#xD;
-&gt; skipped because of previous errors&#xD;
When clico no botão de buscar&#xD;
-&gt; skipped because of previous errors&#xD;
Then busca exibida com sucesso&#xD;
-&gt; skipped because of previous errors</StdOut>
        <ErrorInfo>
          <Message>OpenQA.Selenium.WebDriverException : Cannot start the driver service on http://localhost:61634/</Message>
          <StackTrace>   at OpenQA.Selenium.DriverService.Start()&#xD;
   at OpenQA.Selenium.Remote.DriverServiceCommandExecutor.Execute(Command commandToExecute)&#xD;
   at OpenQA.Selenium.Remote.RemoteWebDriver.Execute(String driverCommandToExecute, Dictionary`2 parameters)&#xD;
   at OpenQA.Selenium.Remote.RemoteWebDriver.StartSession(ICapabilities desiredCapabilities)&#xD;
   at OpenQA.Selenium.Remote.RemoteWebDriver..ctor(ICommandExecutor commandExecutor, ICapabilities desiredCapabilities)&#xD;
   at OpenQA.Selenium.Chrome.ChromeDriver..ctor(ChromeDriverService service, ChromeOptions options, TimeSpan commandTimeout)&#xD;
   at OpenQA.Selenium.Chrome.ChromeDriver..ctor(String chromeDriverDirectory, ChromeOptions options, TimeSpan commandTimeout)&#xD;
   at OpenQA.Selenium.Chrome.ChromeDriver..ctor(String chromeDriverDirectory, ChromeOptions options)&#xD;
   at OpenQA.Selenium.Chrome.ChromeDriver..ctor(String chromeDriverDirectory)&#xD;
   at Infrastructure.DriverManagement.InitDriver() in C:\Trivia\Trivia\Trivia\DriverManagement.cs:line 16&#xD;
   at Trivia.Tests.BuscanoBancodeQuestoesSteps.TriviaPage() in C:\Trivia\Trivia\Trivia.Tests\BuscanoBancodeQuestoesSteps.cs:line 22&#xD;
   at TechTalk.SpecFlow.Infrastructure.TestExecutionEngine.FireEvents(HookType hookType)&#xD;
   at TechTalk.SpecFlow.Infrastructure.TestExecutionEngine.FireScenarioEvents(HookType bindingEvent)&#xD;
   at TechTalk.SpecFlow.Infrastructure.TestExecutionEngine.OnScenarioStart()&#xD;
   at TechTalk.SpecFlow.Infrastructure.TestExecutionEngine.OnAfterLastStep()&#xD;
   at TechTalk.SpecFlow.TestRunner.CollectScenarioErrors()&#xD;
   at Trivia.Tests.BuscanoBancodeQuestoesFeature.ScenarioCleanup()&#xD;
   at Trivia.Tests.BuscanoBancodeQuestoesFeature.RealizarBuscaValidaPorCategoria() in C:\Trivia\Trivia\Trivia.Tests\BuscanoBancodeQuestoes.feature:line 49</StackTrace>
        </ErrorInfo>
      </Output>
    </UnitTestResult>
    <UnitTestResult executionId="f71676fe-79d2-460b-bac5-9b8bd22ac90f" testId="894a6627-f6d2-4442-c2b8-73842cb38d7d" testName="RealizarBuscaInvalidaPorCategoria" computerName="TI-1354" duration="00:00:04.0703750" startTime="2021-04-26T21:59:45.0000000-03:00" endTime="2021-04-26T21:59:50.0000000-03:00" testType="13cdc9d9-ddb5-4fa4-a97d-d965ccfc6d4b" outcome="Failed" testListId="8c84fa94-04c1-424b-9868-57a2d4851a1d" relativeResultsDirectory="f71676fe-79d2-460b-bac5-9b8bd22ac90f">
      <Output>
        <StdOut>Nenhuma conexão pôde ser feita porque a máquina de destino as recusou ativamente. Nenhuma conexão pôde ser feita porque a máquina de destino as recusou ativamente.&#xD;
Given que navego para a página de busca do banco de questões&#xD;
-&gt; skipped because of previous errors&#xD;
And digito no campo de busca e tipo de busca&#xD;
  --- table step argument ---&#xD;
  | busca               | tipobusca |&#xD;
  | Science: Computerss | Category  |&#xD;
-&gt; skipped because of previous errors&#xD;
When clico no botão de buscar&#xD;
-&gt; skipped because of previous errors&#xD;
Then busca não exibida category&#xD;
-&gt; skipped because of previous errors</StdOut>
        <ErrorInfo>
          <Message>OpenQA.Selenium.WebDriverException : Cannot start the driver service on http://localhost:61576/</Message>
          <StackTrace>   at OpenQA.Selenium.DriverService.Start()&#xD;
   at OpenQA.Selenium.Remote.DriverServiceCommandExecutor.Execute(Command commandToExecute)&#xD;
   at OpenQA.Selenium.Remote.RemoteWebDriver.Execute(String driverCommandToExecute, Dictionary`2 parameters)&#xD;
   at OpenQA.Selenium.Remote.RemoteWebDriver.StartSession(ICapabilities desiredCapabilities)&#xD;
   at OpenQA.Selenium.Remote.RemoteWebDriver..ctor(ICommandExecutor commandExecutor, ICapabilities desiredCapabilities)&#xD;
   at OpenQA.Selenium.Chrome.ChromeDriver..ctor(ChromeDriverService service, ChromeOptions options, TimeSpan commandTimeout)&#xD;
   at OpenQA.Selenium.Chrome.ChromeDriver..ctor(String chromeDriverDirectory, ChromeOptions options, TimeSpan commandTimeout)&#xD;
   at OpenQA.Selenium.Chrome.ChromeDriver..ctor(String chromeDriverDirectory, ChromeOptions options)&#xD;
   at OpenQA.Selenium.Chrome.ChromeDriver..ctor(String chromeDriverDirectory)&#xD;
   at Infrastructure.DriverManagement.InitDriver() in C:\Trivia\Trivia\Trivia\DriverManagement.cs:line 16&#xD;
   at Trivia.Tests.BuscanoBancodeQuestoesSteps.TriviaPage() in C:\Trivia\Trivia\Trivia.Tests\BuscanoBancodeQuestoesSteps.cs:line 22&#xD;
   at TechTalk.SpecFlow.Infrastructure.TestExecutionEngine.FireEvents(HookType hookType)&#xD;
   at TechTalk.SpecFlow.Infrastructure.TestExecutionEngine.FireScenarioEvents(HookType bindingEvent)&#xD;
   at TechTalk.SpecFlow.Infrastructure.TestExecutionEngine.OnScenarioStart()&#xD;
   at TechTalk.SpecFlow.Infrastructure.TestExecutionEngine.OnAfterLastStep()&#xD;
   at TechTalk.SpecFlow.TestRunner.CollectScenarioErrors()&#xD;
   at Trivia.Tests.BuscanoBancodeQuestoesFeature.ScenarioCleanup()&#xD;
   at Trivia.Tests.BuscanoBancodeQuestoesFeature.RealizarBuscaInvalidaPorCategoria() in C:\Trivia\Trivia\Trivia.Tests\BuscanoBancodeQuestoes.feature:line 59</StackTrace>
        </ErrorInfo>
      </Output>
    </UnitTestResult>
    <UnitTestResult executionId="ca5cdbc8-f7a9-446c-b715-421f5e211c04" testId="b2616756-0a0f-bc32-24a6-eb7ac958bedc" testName="RealizarContagemDeListagem" computerName="TI-1354" duration="00:00:04.0839400" startTime="2021-04-26T22:00:39.0000000-03:00" endTime="2021-04-26T22:00:43.0000000-03:00" testType="13cdc9d9-ddb5-4fa4-a97d-d965ccfc6d4b" outcome="Failed" testListId="8c84fa94-04c1-424b-9868-57a2d4851a1d" relativeResultsDirectory="ca5cdbc8-f7a9-446c-b715-421f5e211c04">
      <Output>
        <StdOut>Nenhuma conexão pôde ser feita porque a máquina de destino as recusou ativamente. Nenhuma conexão pôde ser feita porque a máquina de destino as recusou ativamente.&#xD;
Given que navego para a página de busca do banco de questões&#xD;
-&gt; skipped because of previous errors&#xD;
And digito no campo de busca e tipo de busca&#xD;
  --- table step argument ---&#xD;
  | busca              | tipobusca |&#xD;
  | Science: Computers | Category  |&#xD;
-&gt; skipped because of previous errors&#xD;
When clico no botão de buscar&#xD;
-&gt; skipped because of previous errors&#xD;
Then contagem com sucesso&#xD;
-&gt; skipped because of previous errors</StdOut>
        <ErrorInfo>
          <Message>OpenQA.Selenium.WebDriverException : Cannot start the driver service on http://localhost:61660/</Message>
          <StackTrace>   at OpenQA.Selenium.DriverService.Start()&#xD;
   at OpenQA.Selenium.Remote.DriverServiceCommandExecutor.Execute(Command commandToExecute)&#xD;
   at OpenQA.Selenium.Remote.RemoteWebDriver.Execute(String driverCommandToExecute, Dictionary`2 parameters)&#xD;
   at OpenQA.Selenium.Remote.RemoteWebDriver.StartSession(ICapabilities desiredCapabilities)&#xD;
   at OpenQA.Selenium.Remote.RemoteWebDriver..ctor(ICommandExecutor commandExecutor, ICapabilities desiredCapabilities)&#xD;
   at OpenQA.Selenium.Chrome.ChromeDriver..ctor(ChromeDriverService service, ChromeOptions options, TimeSpan commandTimeout)&#xD;
   at OpenQA.Selenium.Chrome.ChromeDriver..ctor(String chromeDriverDirectory, ChromeOptions options, TimeSpan commandTimeout)&#xD;
   at OpenQA.Selenium.Chrome.ChromeDriver..ctor(String chromeDriverDirectory, ChromeOptions options)&#xD;
   at OpenQA.Selenium.Chrome.ChromeDriver..ctor(String chromeDriverDirectory)&#xD;
   at Infrastructure.DriverManagement.InitDriver() in C:\Trivia\Trivia\Trivia\DriverManagement.cs:line 16&#xD;
   at Trivia.Tests.BuscanoBancodeQuestoesSteps.TriviaPage() in C:\Trivia\Trivia\Trivia.Tests\BuscanoBancodeQuestoesSteps.cs:line 22&#xD;
   at TechTalk.SpecFlow.Infrastructure.TestExecutionEngine.FireEvents(HookType hookType)&#xD;
   at TechTalk.SpecFlow.Infrastructure.TestExecutionEngine.FireScenarioEvents(HookType bindingEvent)&#xD;
   at TechTalk.SpecFlow.Infrastructure.TestExecutionEngine.OnScenarioStart()&#xD;
   at TechTalk.SpecFlow.Infrastructure.TestExecutionEngine.OnAfterLastStep()&#xD;
   at TechTalk.SpecFlow.TestRunner.CollectScenarioErrors()&#xD;
   at Trivia.Tests.BuscanoBancodeQuestoesFeature.ScenarioCleanup()&#xD;
   at Trivia.Tests.BuscanoBancodeQuestoesFeature.RealizarContagemDeListagem() in C:\Trivia\Trivia\Trivia.Tests\BuscanoBancodeQuestoes.feature:line 20</StackTrace>
        </ErrorInfo>
      </Output>
    </UnitTestResult>
    <UnitTestResult executionId="da3ab723-57cd-47cc-b0c7-b1e938b3bdeb" testId="7bec5a10-6b62-b26f-8858-a50919e2bd33" testName="RealizarBuscaInvalidaPorUser" computerName="TI-1354" duration="00:00:20.4792570" startTime="2021-04-26T22:00:06.0000000-03:00" endTime="2021-04-26T22:00:26.0000000-03:00" testType="13cdc9d9-ddb5-4fa4-a97d-d965ccfc6d4b" outcome="Failed" testListId="8c84fa94-04c1-424b-9868-57a2d4851a1d" relativeResultsDirectory="da3ab723-57cd-47cc-b0c7-b1e938b3bdeb">
      <Output>
        <StdOut>Nenhuma conexão pôde ser feita porque a máquina de destino as recusou ativamente. Nenhuma conexão pôde ser feita porque a máquina de destino as recusou ativamente.&#xD;
Nenhuma conexão pôde ser feita porque a máquina de destino as recusou ativamente. Nenhuma conexão pôde ser feita porque a máquina de destino as recusou ativamente.&#xD;
Nenhuma conexão pôde ser feita porque a máquina de destino as recusou ativamente. Nenhuma conexão pôde ser feita porque a máquina de destino as recusou ativamente.&#xD;
Nenhuma conexão pôde ser feita porque a máquina de destino as recusou ativamente. Nenhuma conexão pôde ser feita porque a máquina de destino as recusou ativamente.&#xD;
Nenhuma conexão pôde ser feita porque a máquina de destino as recusou ativamente. Nenhuma conexão pôde ser feita porque a máquina de destino as recusou ativamente.&#xD;
Given que navego para a página de busca do banco de questões&#xD;
-&gt; skipped because of previous errors&#xD;
And digito no campo de busca e tipo de busca&#xD;
  --- table step argument ---&#xD;
  | busca  | tipobusca |&#xD;
  | Karenn | User      |&#xD;
-&gt; skipped because of previous errors&#xD;
When clico no botão de buscar&#xD;
-&gt; skipped because of previous errors&#xD;
Then busca não exibida user&#xD;
-&gt; skipped because of previous errors</StdOut>
        <ErrorInfo>
          <Message>OpenQA.Selenium.WebDriverException : Cannot start the driver service on http://localhost:61614/</Message>
          <StackTrace>   at OpenQA.Selenium.DriverService.Start()&#xD;
   at OpenQA.Selenium.Remote.DriverServiceCommandExecutor.Execute(Command commandToExecute)&#xD;
   at OpenQA.Selenium.Remote.RemoteWebDriver.Execute(String driverCommandToExecute, Dictionary`2 parameters)&#xD;
   at OpenQA.Selenium.Remote.RemoteWebDriver.StartSession(ICapabilities desiredCapabilities)&#xD;
   at OpenQA.Selenium.Remote.RemoteWebDriver..ctor(ICommandExecutor commandExecutor, ICapabilities desiredCapabilities)&#xD;
   at OpenQA.Selenium.Chrome.ChromeDriver..ctor(ChromeDriverService service, ChromeOptions options, TimeSpan commandTimeout)&#xD;
   at OpenQA.Selenium.Chrome.ChromeDriver..ctor(String chromeDriverDirectory, ChromeOptions options, TimeSpan commandTimeout)&#xD;
   at OpenQA.Selenium.Chrome.ChromeDriver..ctor(String chromeDriverDirectory, ChromeOptions options)&#xD;
   at OpenQA.Selenium.Chrome.ChromeDriver..ctor(String chromeDriverDirectory)&#xD;
   at Infrastructure.DriverManagement.InitDriver() in C:\Trivia\Trivia\Trivia\DriverManagement.cs:line 16&#xD;
   at Trivia.Tests.BuscanoBancodeQuestoesSteps.TriviaPage() in C:\Trivia\Trivia\Trivia.Tests\BuscanoBancodeQuestoesSteps.cs:line 22&#xD;
   at TechTalk.SpecFlow.Infrastructure.TestExecutionEngine.FireEvents(HookType hookType)&#xD;
   at TechTalk.SpecFlow.Infrastructure.TestExecutionEngine.FireScenarioEvents(HookType bindingEvent)&#xD;
   at TechTalk.SpecFlow.Infrastructure.TestExecutionEngine.OnScenarioStart()&#xD;
   at TechTalk.SpecFlow.Infrastructure.TestExecutionEngine.OnAfterLastStep()&#xD;
   at TechTalk.SpecFlow.TestRunner.CollectScenarioErrors()&#xD;
   at Trivia.Tests.BuscanoBancodeQuestoesFeature.ScenarioCleanup()&#xD;
   at Trivia.Tests.BuscanoBancodeQuestoesFeature.RealizarBuscaInvalidaPorUser() in C:\Trivia\Trivia\Trivia.Tests\BuscanoBancodeQuestoes.feature:line 79</StackTrace>
        </ErrorInfo>
      </Output>
    </UnitTestResult>
    <UnitTestResult executionId="77a09843-5b96-41f3-9e41-f6974905d77b" testId="b319a383-a4b1-f244-1fc0-155500f76cc8" testName="RealizarBuscaValidaPorQuestao" computerName="TI-1354" duration="00:00:04.1426420" startTime="2021-04-26T22:00:31.0000000-03:00" endTime="2021-04-26T22:00:35.0000000-03:00" testType="13cdc9d9-ddb5-4fa4-a97d-d965ccfc6d4b" outcome="Failed" testListId="8c84fa94-04c1-424b-9868-57a2d4851a1d" relativeResultsDirectory="77a09843-5b96-41f3-9e41-f6974905d77b">
      <Output>
        <StdOut>Nenhuma conexão pôde ser feita porque a máquina de destino as recusou ativamente. Nenhuma conexão pôde ser feita porque a máquina de destino as recusou ativamente.&#xD;
Given que navego para a página de busca do banco de questões&#xD;
-&gt; skipped because of previous errors&#xD;
And digito no campo de busca&#xD;
  --- table step argument ---&#xD;
  | busca                           |&#xD;
  | What language does Node.js use? |&#xD;
-&gt; skipped because of previous errors&#xD;
When clico no botão de buscar&#xD;
-&gt; skipped because of previous errors&#xD;
Then busca completa exibida com sucesso&#xD;
-&gt; skipped because of previous errors</StdOut>
        <ErrorInfo>
          <Message>OpenQA.Selenium.WebDriverException : Cannot start the driver service on http://localhost:61644/</Message>
          <StackTrace>   at OpenQA.Selenium.DriverService.Start()&#xD;
   at OpenQA.Selenium.Remote.DriverServiceCommandExecutor.Execute(Command commandToExecute)&#xD;
   at OpenQA.Selenium.Remote.RemoteWebDriver.Execute(String driverCommandToExecute, Dictionary`2 parameters)&#xD;
   at OpenQA.Selenium.Remote.RemoteWebDriver.StartSession(ICapabilities desiredCapabilities)&#xD;
   at OpenQA.Selenium.Remote.RemoteWebDriver..ctor(ICommandExecutor commandExecutor, ICapabilities desiredCapabilities)&#xD;
   at OpenQA.Selenium.Chrome.ChromeDriver..ctor(ChromeDriverService service, ChromeOptions options, TimeSpan commandTimeout)&#xD;
   at OpenQA.Selenium.Chrome.ChromeDriver..ctor(String chromeDriverDirectory, ChromeOptions options, TimeSpan commandTimeout)&#xD;
   at OpenQA.Selenium.Chrome.ChromeDriver..ctor(String chromeDriverDirectory, ChromeOptions options)&#xD;
   at OpenQA.Selenium.Chrome.ChromeDriver..ctor(String chromeDriverDirectory)&#xD;
   at Infrastructure.DriverManagement.InitDriver() in C:\Trivia\Trivia\Trivia\DriverManagement.cs:line 16&#xD;
   at Trivia.Tests.BuscanoBancodeQuestoesSteps.TriviaPage() in C:\Trivia\Trivia\Trivia.Tests\BuscanoBancodeQuestoesSteps.cs:line 22&#xD;
   at TechTalk.SpecFlow.Infrastructure.TestExecutionEngine.FireEvents(HookType hookType)&#xD;
   at TechTalk.SpecFlow.Infrastructure.TestExecutionEngine.FireScenarioEvents(HookType bindingEvent)&#xD;
   at TechTalk.SpecFlow.Infrastructure.TestExecutionEngine.OnScenarioStart()&#xD;
   at TechTalk.SpecFlow.Infrastructure.TestExecutionEngine.OnAfterLastStep()&#xD;
   at TechTalk.SpecFlow.TestRunner.CollectScenarioErrors()&#xD;
   at Trivia.Tests.BuscanoBancodeQuestoesFeature.ScenarioCleanup()&#xD;
   at Trivia.Tests.BuscanoBancodeQuestoesFeature.RealizarBuscaValidaPorQuestao() in C:\Trivia\Trivia\Trivia.Tests\BuscanoBancodeQuestoes.feature:line 29</StackTrace>
        </ErrorInfo>
      </Output>
    </UnitTestResult>
    <UnitTestResult executionId="c545d0d7-be9a-455e-b239-c770d079695a" testId="986e1f41-19f6-31a1-5168-cc5da7629a70" testName="BuscaPorQuestaoInexistente" computerName="TI-1354" duration="00:00:04.5111340" startTime="2021-04-26T21:59:41.0000000-03:00" endTime="2021-04-26T21:59:45.0000000-03:00" testType="13cdc9d9-ddb5-4fa4-a97d-d965ccfc6d4b" outcome="Failed" testListId="8c84fa94-04c1-424b-9868-57a2d4851a1d" relativeResultsDirectory="c545d0d7-be9a-455e-b239-c770d079695a">
      <Output>
        <StdOut>Nenhuma conexão pôde ser feita porque a máquina de destino as recusou ativamente. Nenhuma conexão pôde ser feita porque a máquina de destino as recusou ativamente.&#xD;
Given que navego para a página de busca do banco de questões&#xD;
-&gt; skipped because of previous errors&#xD;
And digito no campo de busca&#xD;
  --- table step argument ---&#xD;
  | busca              |&#xD;
  | Science: Computers |&#xD;
-&gt; skipped because of previous errors&#xD;
When clico no botão de buscar&#xD;
-&gt; skipped because of previous errors&#xD;
Then visualizo uma mensagem de erro com o texto 'No questions found.'&#xD;
-&gt; skipped because of previous errors</StdOut>
        <ErrorInfo>
          <Message>OpenQA.Selenium.WebDriverException : Cannot start the driver service on http://localhost:61557/</Message>
          <StackTrace>   at OpenQA.Selenium.DriverService.Start()&#xD;
   at OpenQA.Selenium.Remote.DriverServiceCommandExecutor.Execute(Command commandToExecute)&#xD;
   at OpenQA.Selenium.Remote.RemoteWebDriver.Execute(String driverCommandToExecute, Dictionary`2 parameters)&#xD;
   at OpenQA.Selenium.Remote.RemoteWebDriver.StartSession(ICapabilities desiredCapabilities)&#xD;
   at OpenQA.Selenium.Remote.RemoteWebDriver..ctor(ICommandExecutor commandExecutor, ICapabilities desiredCapabilities)&#xD;
   at OpenQA.Selenium.Chrome.ChromeDriver..ctor(ChromeDriverService service, ChromeOptions options, TimeSpan commandTimeout)&#xD;
   at OpenQA.Selenium.Chrome.ChromeDriver..ctor(String chromeDriverDirectory, ChromeOptions options, TimeSpan commandTimeout)&#xD;
   at OpenQA.Selenium.Chrome.ChromeDriver..ctor(String chromeDriverDirectory, ChromeOptions options)&#xD;
   at OpenQA.Selenium.Chrome.ChromeDriver..ctor(String chromeDriverDirectory)&#xD;
   at Infrastructure.DriverManagement.InitDriver() in C:\Trivia\Trivia\Trivia\DriverManagement.cs:line 16&#xD;
   at Trivia.Tests.BuscanoBancodeQuestoesSteps.TriviaPage() in C:\Trivia\Trivia\Trivia.Tests\BuscanoBancodeQuestoesSteps.cs:line 22&#xD;
   at TechTalk.SpecFlow.Infrastructure.TestExecutionEngine.FireEvents(HookType hookType)&#xD;
   at TechTalk.SpecFlow.Infrastructure.TestExecutionEngine.FireScenarioEvents(HookType bindingEvent)&#xD;
   at TechTalk.SpecFlow.Infrastructure.TestExecutionEngine.OnScenarioStart()&#xD;
   at TechTalk.SpecFlow.Infrastructure.TestExecutionEngine.OnAfterLastStep()&#xD;
   at TechTalk.SpecFlow.TestRunner.CollectScenarioErrors()&#xD;
   at Trivia.Tests.BuscanoBancodeQuestoesFeature.ScenarioCleanup()&#xD;
   at Trivia.Tests.BuscanoBancodeQuestoesFeature.BuscaPorQuestaoInexistente() in C:\Trivia\Trivia\Trivia.Tests\BuscanoBancodeQuestoes.feature:line 11</StackTrace>
        </ErrorInfo>
      </Output>
    </UnitTestResult>
  </Results>
  <TestDefinitions>
    <UnitTest name="RealizarBuscaValidaPorCategoria" storage="c:\trivia\trivia\trivia.tests\bin\debug\netcoreapp3.1\trivia.tests.dll" id="181b86bf-e851-9432-ddeb-ad6b3fd6f360">
      <Execution id="0c11d75b-4328-4272-9a25-d8a665d3a080" />
      <TestMethod codeBase="C:\Trivia\Trivia\Trivia.Tests\bin\Debug\netcoreapp3.1\Trivia.Tests.dll" adapterTypeName="executor://nunit3testexecutor/" className="Trivia.Tests.BuscanoBancodeQuestoesFeature" name="RealizarBuscaValidaPorCategoria" />
    </UnitTest>
    <UnitTest name="BuscaPorQuestaoInexistente" storage="c:\trivia\trivia\trivia.tests\bin\debug\netcoreapp3.1\trivia.tests.dll" id="986e1f41-19f6-31a1-5168-cc5da7629a70">
      <Execution id="c545d0d7-be9a-455e-b239-c770d079695a" />
      <TestMethod codeBase="C:\Trivia\Trivia\Trivia.Tests\bin\Debug\netcoreapp3.1\Trivia.Tests.dll" adapterTypeName="executor://nunit3testexecutor/" className="Trivia.Tests.BuscanoBancodeQuestoesFeature" name="BuscaPorQuestaoInexistente" />
    </UnitTest>
    <UnitTest name="RealizarBuscaValidaPorUser" storage="c:\trivia\trivia\trivia.tests\bin\debug\netcoreapp3.1\trivia.tests.dll" id="35d35759-0605-9f39-47eb-9c0852db69d4">
      <Execution id="55b0e82e-0d18-4769-9505-b7a060166846" />
      <TestMethod codeBase="C:\Trivia\Trivia\Trivia.Tests\bin\Debug\netcoreapp3.1\Trivia.Tests.dll" adapterTypeName="executor://nunit3testexecutor/" className="Trivia.Tests.BuscanoBancodeQuestoesFeature" name="RealizarBuscaValidaPorUser" />
    </UnitTest>
    <UnitTest name="RealizarBuscaInvalidaPorQuestao" storage="c:\trivia\trivia\trivia.tests\bin\debug\netcoreapp3.1\trivia.tests.dll" id="f46d4173-d075-9e48-209e-e39b35e7d887">
      <Execution id="7b4966f2-214e-4d5c-a14e-eaf1d6601bf7" />
      <TestMethod codeBase="C:\Trivia\Trivia\Trivia.Tests\bin\Debug\netcoreapp3.1\Trivia.Tests.dll" adapterTypeName="executor://nunit3testexecutor/" className="Trivia.Tests.BuscanoBancodeQuestoesFeature" name="RealizarBuscaInvalidaPorQuestao" />
    </UnitTest>
    <UnitTest name="RealizarBuscaInvalidaPorCategoria" storage="c:\trivia\trivia\trivia.tests\bin\debug\netcoreapp3.1\trivia.tests.dll" id="894a6627-f6d2-4442-c2b8-73842cb38d7d">
      <Execution id="f71676fe-79d2-460b-bac5-9b8bd22ac90f" />
      <TestMethod codeBase="C:\Trivia\Trivia\Trivia.Tests\bin\Debug\netcoreapp3.1\Trivia.Tests.dll" adapterTypeName="executor://nunit3testexecutor/" className="Trivia.Tests.BuscanoBancodeQuestoesFeature" name="RealizarBuscaInvalidaPorCategoria" />
    </UnitTest>
    <UnitTest name="RealizarBuscaInvalidaPorUser" storage="c:\trivia\trivia\trivia.tests\bin\debug\netcoreapp3.1\trivia.tests.dll" id="7bec5a10-6b62-b26f-8858-a50919e2bd33">
      <Execution id="da3ab723-57cd-47cc-b0c7-b1e938b3bdeb" />
      <TestMethod codeBase="C:\Trivia\Trivia\Trivia.Tests\bin\Debug\netcoreapp3.1\Trivia.Tests.dll" adapterTypeName="executor://nunit3testexecutor/" className="Trivia.Tests.BuscanoBancodeQuestoesFeature" name="RealizarBuscaInvalidaPorUser" />
    </UnitTest>
    <UnitTest name="RealizarBuscaValidaPorQuestao" storage="c:\trivia\trivia\trivia.tests\bin\debug\netcoreapp3.1\trivia.tests.dll" id="b319a383-a4b1-f244-1fc0-155500f76cc8">
      <Execution id="77a09843-5b96-41f3-9e41-f6974905d77b" />
      <TestMethod codeBase="C:\Trivia\Trivia\Trivia.Tests\bin\Debug\netcoreapp3.1\Trivia.Tests.dll" adapterTypeName="executor://nunit3testexecutor/" className="Trivia.Tests.BuscanoBancodeQuestoesFeature" name="RealizarBuscaValidaPorQuestao" />
    </UnitTest>
    <UnitTest name="RealizarContagemDeListagem" storage="c:\trivia\trivia\trivia.tests\bin\debug\netcoreapp3.1\trivia.tests.dll" id="b2616756-0a0f-bc32-24a6-eb7ac958bedc">
      <Execution id="ca5cdbc8-f7a9-446c-b715-421f5e211c04" />
      <TestMethod codeBase="C:\Trivia\Trivia\Trivia.Tests\bin\Debug\netcoreapp3.1\Trivia.Tests.dll" adapterTypeName="executor://nunit3testexecutor/" className="Trivia.Tests.BuscanoBancodeQuestoesFeature" name="RealizarContagemDeListagem" />
    </UnitTest>
  </TestDefinitions>
  <TestEntries>
    <TestEntry testId="35d35759-0605-9f39-47eb-9c0852db69d4" executionId="55b0e82e-0d18-4769-9505-b7a060166846" testListId="8c84fa94-04c1-424b-9868-57a2d4851a1d" />
    <TestEntry testId="f46d4173-d075-9e48-209e-e39b35e7d887" executionId="7b4966f2-214e-4d5c-a14e-eaf1d6601bf7" testListId="8c84fa94-04c1-424b-9868-57a2d4851a1d" />
    <TestEntry testId="181b86bf-e851-9432-ddeb-ad6b3fd6f360" executionId="0c11d75b-4328-4272-9a25-d8a665d3a080" testListId="8c84fa94-04c1-424b-9868-57a2d4851a1d" />
    <TestEntry testId="894a6627-f6d2-4442-c2b8-73842cb38d7d" executionId="f71676fe-79d2-460b-bac5-9b8bd22ac90f" testListId="8c84fa94-04c1-424b-9868-57a2d4851a1d" />
    <TestEntry testId="b2616756-0a0f-bc32-24a6-eb7ac958bedc" executionId="ca5cdbc8-f7a9-446c-b715-421f5e211c04" testListId="8c84fa94-04c1-424b-9868-57a2d4851a1d" />
    <TestEntry testId="7bec5a10-6b62-b26f-8858-a50919e2bd33" executionId="da3ab723-57cd-47cc-b0c7-b1e938b3bdeb" testListId="8c84fa94-04c1-424b-9868-57a2d4851a1d" />
    <TestEntry testId="b319a383-a4b1-f244-1fc0-155500f76cc8" executionId="77a09843-5b96-41f3-9e41-f6974905d77b" testListId="8c84fa94-04c1-424b-9868-57a2d4851a1d" />
    <TestEntry testId="986e1f41-19f6-31a1-5168-cc5da7629a70" executionId="c545d0d7-be9a-455e-b239-c770d079695a" testListId="8c84fa94-04c1-424b-9868-57a2d4851a1d" />
  </TestEntries>
  <TestLists>
    <TestList name="Resultados que não estão em uma lista" id="8c84fa94-04c1-424b-9868-57a2d4851a1d" />
    <TestList name="Todos os resultados carregados" id="19431567-8539-422a-85d7-44ee4e166bda" />
  </TestLists>
  <ResultSummary outcome="Failed">
    <Counters total="8" executed="8" passed="0" failed="8" error="0" timeout="0" aborted="0" inconclusive="0" passedButRunAborted="0" notRunnable="0" notExecuted="0" disconnected="0" warning="0" completed="0" inProgress="0" pending="0" />
    <Output>
      <StdOut>NUnit Adapter 3.16.1.0: Test execution started&#xD;
Running all tests in C:\Trivia\Trivia\Trivia.Tests\bin\Debug\netcoreapp3.1\Trivia.Tests.dll&#xD;
   NUnit3TestExecutor converted 8 of 8 NUnit test cases&#xD;
NUnit Adapter 3.16.1.0: Test execution complete&#xD;
</StdOut>
    </Output>
  </ResultSummary>
</TestRun>